{"text": "2023-12-25 12:43:42 | INFO    | __main__:stash:131 | run - {'image': '20231121', 'version': '0.10.1.post2', 'role': 'EpicPlayer', 'headless': True}\n", "record": {"elapsed": {"repr": "0:00:01.323311", "seconds": 1.323311}, "exception": null, "extra": {"image": "20231121", "version": "0.10.1.post2", "role": "EpicPlayer", "headless": true}, "file": {"name": "claim.py", "path": "/home/runner/work/egames4/egames4/epic/src/claim.py"}, "function": "stash", "level": {"icon": "‚ÑπÔ∏è", "name": "INFO", "no": 20}, "line": 131, "message": "run", "module": "claim", "name": "__main__", "process": {"id": 5264, "name": "MainProcess"}, "thread": {"id": 139867386051456, "name": "MainThread"}, "time": {"repr": "2023-12-25 12:43:42.719970+08:00", "timestamp": 1703479422.71997}}}
{"text": "2023-12-25 12:43:48 | DEBUG    | __main__:create_tasks:66 | Put task - {'title': 'Ghostwire: Tokyo', 'url': 'https://store.epicgames.com/en-US/p/ghostwire-tokyo'}\n", "record": {"elapsed": {"repr": "0:00:07.088517", "seconds": 7.088517}, "exception": null, "extra": {"title": "Ghostwire: Tokyo", "url": "https://store.epicgames.com/en-US/p/ghostwire-tokyo"}, "file": {"name": "claim.py", "path": "/home/runner/work/egames4/egames4/epic/src/claim.py"}, "function": "create_tasks", "level": {"icon": "üêû", "name": "DEBUG", "no": 10}, "line": 66, "message": "Put task", "module": "claim", "name": "__main__", "process": {"id": 5264, "name": "MainProcess"}, "thread": {"id": 139867386051456, "name": "MainThread"}, "time": {"repr": "2023-12-25 12:43:48.485176+08:00", "timestamp": 1703479428.485176}}}
{"text": "2023-12-25 12:43:56 | INFO    | epic_games.agent:claim_weekly_games:294 | claim_weekly_games - {'action': 'go to store', 'url': 'https://store.epicgames.com/en-US/p/ghostwire-tokyo'}\n", "record": {"elapsed": {"repr": "0:00:14.741023", "seconds": 14.741023}, "exception": null, "extra": {"action": "go to store", "url": "https://store.epicgames.com/en-US/p/ghostwire-tokyo"}, "file": {"name": "agent.py", "path": "/home/runner/work/egames4/egames4/epic/src/epic_games/agent.py"}, "function": "claim_weekly_games", "level": {"icon": "‚ÑπÔ∏è", "name": "INFO", "no": 20}, "line": 294, "message": "claim_weekly_games", "module": "agent", "name": "epic_games.agent", "process": {"id": 5264, "name": "MainProcess"}, "thread": {"id": 139867386051456, "name": "MainThread"}, "time": {"repr": "2023-12-25 12:43:56.137682+08:00", "timestamp": 1703479436.137682}}}
{"text": "2023-12-25 12:44:07 | INFO    | epic_games.agent:claim_weekly_games:326 | claim_weekly_games - {'action': 'move to webPurchaseContainer iframe'}\n", "record": {"elapsed": {"repr": "0:00:25.753267", "seconds": 25.753267}, "exception": null, "extra": {"action": "move to webPurchaseContainer iframe"}, "file": {"name": "agent.py", "path": "/home/runner/work/egames4/egames4/epic/src/epic_games/agent.py"}, "function": "claim_weekly_games", "level": {"icon": "‚ÑπÔ∏è", "name": "INFO", "no": 20}, "line": 326, "message": "claim_weekly_games", "module": "agent", "name": "epic_games.agent", "process": {"id": 5264, "name": "MainProcess"}, "thread": {"id": 139867386051456, "name": "MainThread"}, "time": {"repr": "2023-12-25 12:44:07.149926+08:00", "timestamp": 1703479447.149926}}}
{"text": "2023-12-25 12:44:09 | INFO    | epic_games.agent:claim_weekly_games:328 | claim_weekly_games - {'action': 'click payment button'}\n", "record": {"elapsed": {"repr": "0:00:28.194925", "seconds": 28.194925}, "exception": null, "extra": {"action": "click payment button"}, "file": {"name": "agent.py", "path": "/home/runner/work/egames4/egames4/epic/src/epic_games/agent.py"}, "function": "claim_weekly_games", "level": {"icon": "‚ÑπÔ∏è", "name": "INFO", "no": 20}, "line": 328, "message": "claim_weekly_games", "module": "agent", "name": "epic_games.agent", "process": {"id": 5264, "name": "MainProcess"}, "thread": {"id": 139867386051456, "name": "MainThread"}, "time": {"repr": "2023-12-25 12:44:09.591584+08:00", "timestamp": 1703479449.591584}}}
{"text": "2023-12-25 12:44:14 | DEBUG    | hcaptcha_challenger.agents.playwright.control:_parse_label:241 | get task - {'prompt': 'Please click on all images of the h–µaviest animal species'}\n", "record": {"elapsed": {"repr": "0:00:33.197522", "seconds": 33.197522}, "exception": null, "extra": {"prompt": "Please click on all images of the h–µaviest animal species"}, "file": {"name": "control.py", "path": "/opt/hostedtoolcache/Python/3.10.13/x64/lib/python3.10/site-packages/hcaptcha_challenger/agents/playwright/control.py"}, "function": "_parse_label", "level": {"icon": "üêû", "name": "DEBUG", "no": 10}, "line": 241, "message": "get task", "module": "control", "name": "hcaptcha_challenger.agents.playwright.control", "process": {"id": 5264, "name": "MainProcess"}, "thread": {"id": 139867386051456, "name": "MainThread"}, "time": {"repr": "2023-12-25 12:44:14.594181+08:00", "timestamp": 1703479454.594181}}}
{"text": "2023-12-25 12:44:15 | DEBUG    | hcaptcha_challenger.agents.playwright.control:_catch_all_binary_challenge:474 | handle task - {'unsupervised': 'binary', 'candidate_labels': ['This is a picture that looks like please click on all images of the heaviest animal species.', \"This is a picture that don't look like please click on all images of the heaviest animal species.\"], 'prompt': 'Please click on all images of the h–µaviest animal species', 'timit': '0.933s'}\n", "record": {"elapsed": {"repr": "0:00:34.265647", "seconds": 34.265647}, "exception": null, "extra": {"unsupervised": "binary", "candidate_labels": ["This is a picture that looks like please click on all images of the heaviest animal species.", "This is a picture that don't look like please click on all images of the heaviest animal species."], "prompt": "Please click on all images of the h–µaviest animal species", "timit": "0.933s"}, "file": {"name": "control.py", "path": "/opt/hostedtoolcache/Python/3.10.13/x64/lib/python3.10/site-packages/hcaptcha_challenger/agents/playwright/control.py"}, "function": "_catch_all_binary_challenge", "level": {"icon": "üêû", "name": "DEBUG", "no": 10}, "line": 474, "message": "handle task", "module": "control", "name": "hcaptcha_challenger.agents.playwright.control", "process": {"id": 5264, "name": "MainProcess"}, "thread": {"id": 139867386051456, "name": "MainThread"}, "time": {"repr": "2023-12-25 12:44:15.662306+08:00", "timestamp": 1703479455.662306}}}
{"text": "2023-12-25 12:44:20 | DEBUG    | epic_games.agent:insert_challenge:106 | task done - {'sattus': 'success'}\n", "record": {"elapsed": {"repr": "0:00:39.106334", "seconds": 39.106334}, "exception": null, "extra": {"sattus": "success"}, "file": {"name": "agent.py", "path": "/home/runner/work/egames4/egames4/epic/src/epic_games/agent.py"}, "function": "insert_challenge", "level": {"icon": "üêû", "name": "DEBUG", "no": 10}, "line": 106, "message": "task done", "module": "agent", "name": "epic_games.agent", "process": {"id": 5264, "name": "MainProcess"}, "thread": {"id": 139867386051456, "name": "MainThread"}, "time": {"repr": "2023-12-25 12:44:20.502993+08:00", "timestamp": 1703479460.502993}}}
{"text": "2023-12-25 12:44:52 | INFO    | epic_games.agent:claim_weekly_games:294 | claim_weekly_games - {'action': 'go to store', 'url': 'https://store.epicgames.com/en-US/p/ghostwire-tokyo'}\n", "record": {"elapsed": {"repr": "0:01:11.275351", "seconds": 71.275351}, "exception": null, "extra": {"action": "go to store", "url": "https://store.epicgames.com/en-US/p/ghostwire-tokyo"}, "file": {"name": "agent.py", "path": "/home/runner/work/egames4/egames4/epic/src/epic_games/agent.py"}, "function": "claim_weekly_games", "level": {"icon": "‚ÑπÔ∏è", "name": "INFO", "no": 20}, "line": 294, "message": "claim_weekly_games", "module": "agent", "name": "epic_games.agent", "process": {"id": 5264, "name": "MainProcess"}, "thread": {"id": 139867386051456, "name": "MainThread"}, "time": {"repr": "2023-12-25 12:44:52.672010+08:00", "timestamp": 1703479492.67201}}}
{"text": "2023-12-25 12:45:01 | INFO    | epic_games.agent:claim_weekly_games:326 | claim_weekly_games - {'action': 'move to webPurchaseContainer iframe'}\n", "record": {"elapsed": {"repr": "0:01:20.150247", "seconds": 80.150247}, "exception": null, "extra": {"action": "move to webPurchaseContainer iframe"}, "file": {"name": "agent.py", "path": "/home/runner/work/egames4/egames4/epic/src/epic_games/agent.py"}, "function": "claim_weekly_games", "level": {"icon": "‚ÑπÔ∏è", "name": "INFO", "no": 20}, "line": 326, "message": "claim_weekly_games", "module": "agent", "name": "epic_games.agent", "process": {"id": 5264, "name": "MainProcess"}, "thread": {"id": 139867386051456, "name": "MainThread"}, "time": {"repr": "2023-12-25 12:45:01.546906+08:00", "timestamp": 1703479501.546906}}}
{"text": "2023-12-25 12:45:03 | INFO    | epic_games.agent:claim_weekly_games:328 | claim_weekly_games - {'action': 'click payment button'}\n", "record": {"elapsed": {"repr": "0:01:22.516410", "seconds": 82.51641}, "exception": null, "extra": {"action": "click payment button"}, "file": {"name": "agent.py", "path": "/home/runner/work/egames4/egames4/epic/src/epic_games/agent.py"}, "function": "claim_weekly_games", "level": {"icon": "‚ÑπÔ∏è", "name": "INFO", "no": 20}, "line": 328, "message": "claim_weekly_games", "module": "agent", "name": "epic_games.agent", "process": {"id": 5264, "name": "MainProcess"}, "thread": {"id": 139867386051456, "name": "MainThread"}, "time": {"repr": "2023-12-25 12:45:03.913069+08:00", "timestamp": 1703479503.913069}}}
{"text": "2023-12-25 12:45:08 | DEBUG    | hcaptcha_challenger.agents.playwright.control:_parse_label:241 | get task - {'prompt': 'Please click on all images of the heaviest animal species'}\n", "record": {"elapsed": {"repr": "0:01:27.518848", "seconds": 87.518848}, "exception": null, "extra": {"prompt": "Please click on all images of the heaviest animal species"}, "file": {"name": "control.py", "path": "/opt/hostedtoolcache/Python/3.10.13/x64/lib/python3.10/site-packages/hcaptcha_challenger/agents/playwright/control.py"}, "function": "_parse_label", "level": {"icon": "üêû", "name": "DEBUG", "no": 10}, "line": 241, "message": "get task", "module": "control", "name": "hcaptcha_challenger.agents.playwright.control", "process": {"id": 5264, "name": "MainProcess"}, "thread": {"id": 139867386051456, "name": "MainThread"}, "time": {"repr": "2023-12-25 12:45:08.915507+08:00", "timestamp": 1703479508.915507}}}
{"text": "2023-12-25 12:45:09 | DEBUG    | hcaptcha_challenger.agents.playwright.control:_catch_all_binary_challenge:474 | handle task - {'unsupervised': 'binary', 'candidate_labels': ['This is a picture that looks like please click on all images of the heaviest animal species.', \"This is a picture that don't look like please click on all images of the heaviest animal species.\"], 'prompt': 'Please click on all images of the heaviest animal species', 'timit': '0.813s'}\n", "record": {"elapsed": {"repr": "0:01:28.437373", "seconds": 88.437373}, "exception": null, "extra": {"unsupervised": "binary", "candidate_labels": ["This is a picture that looks like please click on all images of the heaviest animal species.", "This is a picture that don't look like please click on all images of the heaviest animal species."], "prompt": "Please click on all images of the heaviest animal species", "timit": "0.813s"}, "file": {"name": "control.py", "path": "/opt/hostedtoolcache/Python/3.10.13/x64/lib/python3.10/site-packages/hcaptcha_challenger/agents/playwright/control.py"}, "function": "_catch_all_binary_challenge", "level": {"icon": "üêû", "name": "DEBUG", "no": 10}, "line": 474, "message": "handle task", "module": "control", "name": "hcaptcha_challenger.agents.playwright.control", "process": {"id": 5264, "name": "MainProcess"}, "thread": {"id": 139867386051456, "name": "MainThread"}, "time": {"repr": "2023-12-25 12:45:09.834032+08:00", "timestamp": 1703479509.834032}}}
{"text": "2023-12-25 12:45:16 | DEBUG    | epic_games.agent:insert_challenge:106 | task done - {'sattus': 'success'}\n", "record": {"elapsed": {"repr": "0:01:35.006417", "seconds": 95.006417}, "exception": null, "extra": {"sattus": "success"}, "file": {"name": "agent.py", "path": "/home/runner/work/egames4/egames4/epic/src/epic_games/agent.py"}, "function": "insert_challenge", "level": {"icon": "üêû", "name": "DEBUG", "no": 10}, "line": 106, "message": "task done", "module": "agent", "name": "epic_games.agent", "process": {"id": 5264, "name": "MainProcess"}, "thread": {"id": 139867386051456, "name": "MainThread"}, "time": {"repr": "2023-12-25 12:45:16.403076+08:00", "timestamp": 1703479516.403076}}}
{"text": "2023-12-25 12:45:48 | INFO    | epic_games.agent:claim_weekly_games:294 | claim_weekly_games - {'action': 'go to store', 'url': 'https://store.epicgames.com/en-US/p/ghostwire-tokyo'}\n", "record": {"elapsed": {"repr": "0:02:07.177660", "seconds": 127.17766}, "exception": null, "extra": {"action": "go to store", "url": "https://store.epicgames.com/en-US/p/ghostwire-tokyo"}, "file": {"name": "agent.py", "path": "/home/runner/work/egames4/egames4/epic/src/epic_games/agent.py"}, "function": "claim_weekly_games", "level": {"icon": "‚ÑπÔ∏è", "name": "INFO", "no": 20}, "line": 294, "message": "claim_weekly_games", "module": "agent", "name": "epic_games.agent", "process": {"id": 5264, "name": "MainProcess"}, "thread": {"id": 139867386051456, "name": "MainThread"}, "time": {"repr": "2023-12-25 12:45:48.574319+08:00", "timestamp": 1703479548.574319}}}
{"text": "2023-12-25 12:45:57 | INFO    | epic_games.agent:claim_weekly_games:326 | claim_weekly_games - {'action': 'move to webPurchaseContainer iframe'}\n", "record": {"elapsed": {"repr": "0:02:16.063360", "seconds": 136.06336}, "exception": null, "extra": {"action": "move to webPurchaseContainer iframe"}, "file": {"name": "agent.py", "path": "/home/runner/work/egames4/egames4/epic/src/epic_games/agent.py"}, "function": "claim_weekly_games", "level": {"icon": "‚ÑπÔ∏è", "name": "INFO", "no": 20}, "line": 326, "message": "claim_weekly_games", "module": "agent", "name": "epic_games.agent", "process": {"id": 5264, "name": "MainProcess"}, "thread": {"id": 139867386051456, "name": "MainThread"}, "time": {"repr": "2023-12-25 12:45:57.460019+08:00", "timestamp": 1703479557.460019}}}
{"text": "2023-12-25 12:45:59 | INFO    | epic_games.agent:claim_weekly_games:328 | claim_weekly_games - {'action': 'click payment button'}\n", "record": {"elapsed": {"repr": "0:02:18.447468", "seconds": 138.447468}, "exception": null, "extra": {"action": "click payment button"}, "file": {"name": "agent.py", "path": "/home/runner/work/egames4/egames4/epic/src/epic_games/agent.py"}, "function": "claim_weekly_games", "level": {"icon": "‚ÑπÔ∏è", "name": "INFO", "no": 20}, "line": 328, "message": "claim_weekly_games", "module": "agent", "name": "epic_games.agent", "process": {"id": 5264, "name": "MainProcess"}, "thread": {"id": 139867386051456, "name": "MainThread"}, "time": {"repr": "2023-12-25 12:45:59.844127+08:00", "timestamp": 1703479559.844127}}}
{"text": "2023-12-25 12:46:04 | DEBUG    | hcaptcha_challenger.agents.playwright.control:_parse_label:241 | get task - {'prompt': 'Please click on all images of the heaviest anim–∞l species'}\n", "record": {"elapsed": {"repr": "0:02:23.449724", "seconds": 143.449724}, "exception": null, "extra": {"prompt": "Please click on all images of the heaviest anim–∞l species"}, "file": {"name": "control.py", "path": "/opt/hostedtoolcache/Python/3.10.13/x64/lib/python3.10/site-packages/hcaptcha_challenger/agents/playwright/control.py"}, "function": "_parse_label", "level": {"icon": "üêû", "name": "DEBUG", "no": 10}, "line": 241, "message": "get task", "module": "control", "name": "hcaptcha_challenger.agents.playwright.control", "process": {"id": 5264, "name": "MainProcess"}, "thread": {"id": 139867386051456, "name": "MainThread"}, "time": {"repr": "2023-12-25 12:46:04.846383+08:00", "timestamp": 1703479564.846383}}}
{"text": "2023-12-25 12:46:05 | DEBUG    | hcaptcha_challenger.agents.playwright.control:_catch_all_binary_challenge:474 | handle task - {'unsupervised': 'binary', 'candidate_labels': ['This is a picture that looks like please click on all images of the heaviest animal species.', \"This is a picture that don't look like please click on all images of the heaviest animal species.\"], 'prompt': 'Please click on all images of the heaviest anim–∞l species', 'timit': '0.755s'}\n", "record": {"elapsed": {"repr": "0:02:24.310018", "seconds": 144.310018}, "exception": null, "extra": {"unsupervised": "binary", "candidate_labels": ["This is a picture that looks like please click on all images of the heaviest animal species.", "This is a picture that don't look like please click on all images of the heaviest animal species."], "prompt": "Please click on all images of the heaviest anim–∞l species", "timit": "0.755s"}, "file": {"name": "control.py", "path": "/opt/hostedtoolcache/Python/3.10.13/x64/lib/python3.10/site-packages/hcaptcha_challenger/agents/playwright/control.py"}, "function": "_catch_all_binary_challenge", "level": {"icon": "üêû", "name": "DEBUG", "no": 10}, "line": 474, "message": "handle task", "module": "control", "name": "hcaptcha_challenger.agents.playwright.control", "process": {"id": 5264, "name": "MainProcess"}, "thread": {"id": 139867386051456, "name": "MainThread"}, "time": {"repr": "2023-12-25 12:46:05.706677+08:00", "timestamp": 1703479565.706677}}}
{"text": "2023-12-25 12:46:12 | DEBUG    | epic_games.agent:insert_challenge:106 | task done - {'sattus': 'success'}\n", "record": {"elapsed": {"repr": "0:02:30.957060", "seconds": 150.95706}, "exception": null, "extra": {"sattus": "success"}, "file": {"name": "agent.py", "path": "/home/runner/work/egames4/egames4/epic/src/epic_games/agent.py"}, "function": "insert_challenge", "level": {"icon": "üêû", "name": "DEBUG", "no": 10}, "line": 106, "message": "task done", "module": "agent", "name": "epic_games.agent", "process": {"id": 5264, "name": "MainProcess"}, "thread": {"id": 139867386051456, "name": "MainThread"}, "time": {"repr": "2023-12-25 12:46:12.353719+08:00", "timestamp": 1703479572.353719}}}
{"text": "2023-12-25 12:46:44 | ERROR    | __main__:run:158 | An error has been caught in function 'run', process 'MainProcess' (5264), thread 'MainThread' (139867386051456): - {}\nTraceback (most recent call last):\n  File \"/home/runner/work/egames4/egames4/epic/src/claim.py\", line 151, in stash\n    await self.claim_epic_games(context)\n  File \"/home/runner/work/egames4/egames4/epic/src/claim.py\", line 122, in claim_epic_games\n    await epic.claim_weekly_games(page, single_promotions)\n  File \"/opt/hostedtoolcache/Python/3.10.13/x64/lib/python3.10/site-packages/tenacity/_asyncio.py\", line 88, in async_wrapped\n    return await fn(*args, **kwargs)\n  File \"/opt/hostedtoolcache/Python/3.10.13/x64/lib/python3.10/site-packages/tenacity/_asyncio.py\", line 47, in __call__\n    do = self.iter(retry_state=retry_state)\n  File \"/opt/hostedtoolcache/Python/3.10.13/x64/lib/python3.10/site-packages/tenacity/__init__.py\", line 325, in iter\n    raise retry_exc.reraise()\n  File \"/opt/hostedtoolcache/Python/3.10.13/x64/lib/python3.10/site-packages/tenacity/__init__.py\", line 158, in reraise\n    raise self.last_attempt.result()\n  File \"/opt/hostedtoolcache/Python/3.10.13/x64/lib/python3.10/concurrent/futures/_base.py\", line 451, in result\n    return self.__get_result()\n  File \"/opt/hostedtoolcache/Python/3.10.13/x64/lib/python3.10/concurrent/futures/_base.py\", line 403, in __get_result\n    raise self._exception\n  File \"/opt/hostedtoolcache/Python/3.10.13/x64/lib/python3.10/site-packages/tenacity/_asyncio.py\", line 50, in __call__\n    result = await fn(*args, **kwargs)\n  File \"/home/runner/work/egames4/egames4/epic/src/epic_games/agent.py\", line 338, in claim_weekly_games\n    await page.wait_for_url(recur_url)\n  File \"/opt/hostedtoolcache/Python/3.10.13/x64/lib/python3.10/site-packages/playwright/async_api/_generated.py\", line 9417, in wait_for_url\n    await self._impl_obj.wait_for_url(\n  File \"/opt/hostedtoolcache/Python/3.10.13/x64/lib/python3.10/site-packages/playwright/_impl/_page.py\", line 499, in wait_for_url\n    return await self._main_frame.wait_for_url(**locals_to_params(locals()))\n  File \"/opt/hostedtoolcache/Python/3.10.13/x64/lib/python3.10/site-packages/playwright/_impl/_frame.py\", line 227, in wait_for_url\n    async with self.expect_navigation(\n  File \"/opt/hostedtoolcache/Python/3.10.13/x64/lib/python3.10/site-packages/playwright/_impl/_event_context_manager.py\", line 33, in __aexit__\n    await self._future\n  File \"/opt/hostedtoolcache/Python/3.10.13/x64/lib/python3.10/site-packages/playwright/_impl/_frame.py\", line 202, in continuation\n    event = await waiter.result()\nplaywright._impl._errors.TimeoutError: Timeout 30000ms exceeded.\n=========================== logs ===========================\nwaiting for navigation to \"https://store.epicgames.com/en-US/cart/success\" until 'load'\n============================================================\n\nDuring handling of the above exception, another exception occurred:\n\nTraceback (most recent call last):\n  File \"/home/runner/work/egames4/egames4/epic/src/claim.py\", line 162, in <module>\n    asyncio.run(run())\n  File \"/opt/hostedtoolcache/Python/3.10.13/x64/lib/python3.10/asyncio/runners.py\", line 44, in run\n    return loop.run_until_complete(main)\n  File \"/opt/hostedtoolcache/Python/3.10.13/x64/lib/python3.10/asyncio/base_events.py\", line 636, in run_until_complete\n    self.run_forever()\n  File \"/opt/hostedtoolcache/Python/3.10.13/x64/lib/python3.10/asyncio/base_events.py\", line 603, in run_forever\n    self._run_once()\n  File \"/opt/hostedtoolcache/Python/3.10.13/x64/lib/python3.10/asyncio/base_events.py\", line 1909, in _run_once\n    handle._run()\n  File \"/opt/hostedtoolcache/Python/3.10.13/x64/lib/python3.10/asyncio/events.py\", line 80, in _run\n    self._context.run(self._callback, *self._args)\n> File \"/home/runner/work/egames4/egames4/epic/src/claim.py\", line 158, in run\n    await agent.stash()\n  File \"/home/runner/work/egames4/egames4/epic/src/claim.py\", line 139, in stash\n    async with async_playwright() as p:\n  File \"/opt/hostedtoolcache/Python/3.10.13/x64/lib/python3.10/site-packages/playwright/async_api/_context_manager.py\", line 58, in __aexit__\n    await self._connection.stop_async()\n  File \"/opt/hostedtoolcache/Python/3.10.13/x64/lib/python3.10/site-packages/playwright/_impl/_connection.py\", line 288, in stop_async\n    self.cleanup()\n  File \"/opt/hostedtoolcache/Python/3.10.13/x64/lib/python3.10/site-packages/playwright/_impl/_connection.py\", line 299, in cleanup\n    callback.future.set_exception(self._closed_error)\nasyncio.exceptions.InvalidStateError: invalid state\n", "record": {"elapsed": {"repr": "0:03:02.828875", "seconds": 182.828875}, "exception": {"type": "InvalidStateError", "value": "invalid state", "traceback": true}, "extra": {}, "file": {"name": "claim.py", "path": "/home/runner/work/egames4/egames4/epic/src/claim.py"}, "function": "run", "level": {"icon": "‚ùå", "name": "ERROR", "no": 40}, "line": 158, "message": "An error has been caught in function 'run', process 'MainProcess' (5264), thread 'MainThread' (139867386051456):", "module": "claim", "name": "__main__", "process": {"id": 5264, "name": "MainProcess"}, "thread": {"id": 139867386051456, "name": "MainThread"}, "time": {"repr": "2023-12-25 12:46:44.225534+08:00", "timestamp": 1703479604.225534}}}
