{"text": "2023-12-30 12:43:57 | INFO    | __main__:stash:131 | run - {'image': '20231121', 'version': '0.10.1.post2', 'role': 'EpicPlayer', 'headless': True}\n", "record": {"elapsed": {"repr": "0:00:01.902844", "seconds": 1.902844}, "exception": null, "extra": {"image": "20231121", "version": "0.10.1.post2", "role": "EpicPlayer", "headless": true}, "file": {"name": "claim.py", "path": "/home/runner/work/egames4/egames4/epic/src/claim.py"}, "function": "stash", "level": {"icon": "‚ÑπÔ∏è", "name": "INFO", "no": 20}, "line": 131, "message": "run", "module": "claim", "name": "__main__", "process": {"id": 5226, "name": "MainProcess"}, "thread": {"id": 140637642668928, "name": "MainThread"}, "time": {"repr": "2023-12-30 12:43:57.790363+08:00", "timestamp": 1703911437.790363}}}
{"text": "2023-12-30 12:44:04 | DEBUG    | __main__:create_tasks:66 | Put task - {'title': 'Snakebird Complete', 'url': 'https://store.epicgames.com/en-US/p/snakebird-complete-e6f0ae'}\n", "record": {"elapsed": {"repr": "0:00:08.861528", "seconds": 8.861528}, "exception": null, "extra": {"title": "Snakebird Complete", "url": "https://store.epicgames.com/en-US/p/snakebird-complete-e6f0ae"}, "file": {"name": "claim.py", "path": "/home/runner/work/egames4/egames4/epic/src/claim.py"}, "function": "create_tasks", "level": {"icon": "üêû", "name": "DEBUG", "no": 10}, "line": 66, "message": "Put task", "module": "claim", "name": "__main__", "process": {"id": 5226, "name": "MainProcess"}, "thread": {"id": 140637642668928, "name": "MainThread"}, "time": {"repr": "2023-12-30 12:44:04.749047+08:00", "timestamp": 1703911444.749047}}}
{"text": "2023-12-30 12:44:12 | INFO    | epic_games.agent:claim_weekly_games:294 | claim_weekly_games - {'action': 'go to store', 'url': 'https://store.epicgames.com/en-US/p/snakebird-complete-e6f0ae'}\n", "record": {"elapsed": {"repr": "0:00:16.219845", "seconds": 16.219845}, "exception": null, "extra": {"action": "go to store", "url": "https://store.epicgames.com/en-US/p/snakebird-complete-e6f0ae"}, "file": {"name": "agent.py", "path": "/home/runner/work/egames4/egames4/epic/src/epic_games/agent.py"}, "function": "claim_weekly_games", "level": {"icon": "‚ÑπÔ∏è", "name": "INFO", "no": 20}, "line": 294, "message": "claim_weekly_games", "module": "agent", "name": "epic_games.agent", "process": {"id": 5226, "name": "MainProcess"}, "thread": {"id": 140637642668928, "name": "MainThread"}, "time": {"repr": "2023-12-30 12:44:12.107364+08:00", "timestamp": 1703911452.107364}}}
{"text": "2023-12-30 12:44:24 | INFO    | epic_games.agent:claim_weekly_games:326 | claim_weekly_games - {'action': 'move to webPurchaseContainer iframe'}\n", "record": {"elapsed": {"repr": "0:00:28.298172", "seconds": 28.298172}, "exception": null, "extra": {"action": "move to webPurchaseContainer iframe"}, "file": {"name": "agent.py", "path": "/home/runner/work/egames4/egames4/epic/src/epic_games/agent.py"}, "function": "claim_weekly_games", "level": {"icon": "‚ÑπÔ∏è", "name": "INFO", "no": 20}, "line": 326, "message": "claim_weekly_games", "module": "agent", "name": "epic_games.agent", "process": {"id": 5226, "name": "MainProcess"}, "thread": {"id": 140637642668928, "name": "MainThread"}, "time": {"repr": "2023-12-30 12:44:24.185691+08:00", "timestamp": 1703911464.185691}}}
{"text": "2023-12-30 12:44:26 | INFO    | epic_games.agent:claim_weekly_games:328 | claim_weekly_games - {'action': 'click payment button'}\n", "record": {"elapsed": {"repr": "0:00:30.695436", "seconds": 30.695436}, "exception": null, "extra": {"action": "click payment button"}, "file": {"name": "agent.py", "path": "/home/runner/work/egames4/egames4/epic/src/epic_games/agent.py"}, "function": "claim_weekly_games", "level": {"icon": "‚ÑπÔ∏è", "name": "INFO", "no": 20}, "line": 328, "message": "claim_weekly_games", "module": "agent", "name": "epic_games.agent", "process": {"id": 5226, "name": "MainProcess"}, "thread": {"id": 140637642668928, "name": "MainThread"}, "time": {"repr": "2023-12-30 12:44:26.582955+08:00", "timestamp": 1703911466.582955}}}
{"text": "2023-12-30 12:44:31 | DEBUG    | hcaptcha_challenger.agents.playwright.control:_parse_label:241 | get task - {'prompt': 'Please click on all images of th–µ heaviest animal species'}\n", "record": {"elapsed": {"repr": "0:00:35.697942", "seconds": 35.697942}, "exception": null, "extra": {"prompt": "Please click on all images of th–µ heaviest animal species"}, "file": {"name": "control.py", "path": "/opt/hostedtoolcache/Python/3.10.13/x64/lib/python3.10/site-packages/hcaptcha_challenger/agents/playwright/control.py"}, "function": "_parse_label", "level": {"icon": "üêû", "name": "DEBUG", "no": 10}, "line": 241, "message": "get task", "module": "control", "name": "hcaptcha_challenger.agents.playwright.control", "process": {"id": 5226, "name": "MainProcess"}, "thread": {"id": 140637642668928, "name": "MainThread"}, "time": {"repr": "2023-12-30 12:44:31.585461+08:00", "timestamp": 1703911471.585461}}}
{"text": "2023-12-30 12:44:32 | DEBUG    | hcaptcha_challenger.agents.playwright.control:_catch_all_binary_challenge:474 | handle task - {'unsupervised': 'binary', 'candidate_labels': ['This is a picture that looks like please click on all images of the heaviest animal species.', \"This is a picture that don't look like please click on all images of the heaviest animal species.\"], 'prompt': 'Please click on all images of th–µ heaviest animal species', 'timit': '1.038s'}\n", "record": {"elapsed": {"repr": "0:00:36.833628", "seconds": 36.833628}, "exception": null, "extra": {"unsupervised": "binary", "candidate_labels": ["This is a picture that looks like please click on all images of the heaviest animal species.", "This is a picture that don't look like please click on all images of the heaviest animal species."], "prompt": "Please click on all images of th–µ heaviest animal species", "timit": "1.038s"}, "file": {"name": "control.py", "path": "/opt/hostedtoolcache/Python/3.10.13/x64/lib/python3.10/site-packages/hcaptcha_challenger/agents/playwright/control.py"}, "function": "_catch_all_binary_challenge", "level": {"icon": "üêû", "name": "DEBUG", "no": 10}, "line": 474, "message": "handle task", "module": "control", "name": "hcaptcha_challenger.agents.playwright.control", "process": {"id": 5226, "name": "MainProcess"}, "thread": {"id": 140637642668928, "name": "MainThread"}, "time": {"repr": "2023-12-30 12:44:32.721147+08:00", "timestamp": 1703911472.721147}}}
{"text": "2023-12-30 12:44:38 | DEBUG    | epic_games.agent:insert_challenge:106 | task done - {'sattus': 'success'}\n", "record": {"elapsed": {"repr": "0:00:42.169769", "seconds": 42.169769}, "exception": null, "extra": {"sattus": "success"}, "file": {"name": "agent.py", "path": "/home/runner/work/egames4/egames4/epic/src/epic_games/agent.py"}, "function": "insert_challenge", "level": {"icon": "üêû", "name": "DEBUG", "no": 10}, "line": 106, "message": "task done", "module": "agent", "name": "epic_games.agent", "process": {"id": 5226, "name": "MainProcess"}, "thread": {"id": 140637642668928, "name": "MainThread"}, "time": {"repr": "2023-12-30 12:44:38.057288+08:00", "timestamp": 1703911478.057288}}}
{"text": "2023-12-30 12:45:10 | INFO    | epic_games.agent:claim_weekly_games:294 | claim_weekly_games - {'action': 'go to store', 'url': 'https://store.epicgames.com/en-US/p/snakebird-complete-e6f0ae'}\n", "record": {"elapsed": {"repr": "0:01:14.382202", "seconds": 74.382202}, "exception": null, "extra": {"action": "go to store", "url": "https://store.epicgames.com/en-US/p/snakebird-complete-e6f0ae"}, "file": {"name": "agent.py", "path": "/home/runner/work/egames4/egames4/epic/src/epic_games/agent.py"}, "function": "claim_weekly_games", "level": {"icon": "‚ÑπÔ∏è", "name": "INFO", "no": 20}, "line": 294, "message": "claim_weekly_games", "module": "agent", "name": "epic_games.agent", "process": {"id": 5226, "name": "MainProcess"}, "thread": {"id": 140637642668928, "name": "MainThread"}, "time": {"repr": "2023-12-30 12:45:10.269721+08:00", "timestamp": 1703911510.269721}}}
{"text": "2023-12-30 12:45:18 | INFO    | epic_games.agent:claim_weekly_games:326 | claim_weekly_games - {'action': 'move to webPurchaseContainer iframe'}\n", "record": {"elapsed": {"repr": "0:01:22.824631", "seconds": 82.824631}, "exception": null, "extra": {"action": "move to webPurchaseContainer iframe"}, "file": {"name": "agent.py", "path": "/home/runner/work/egames4/egames4/epic/src/epic_games/agent.py"}, "function": "claim_weekly_games", "level": {"icon": "‚ÑπÔ∏è", "name": "INFO", "no": 20}, "line": 326, "message": "claim_weekly_games", "module": "agent", "name": "epic_games.agent", "process": {"id": 5226, "name": "MainProcess"}, "thread": {"id": 140637642668928, "name": "MainThread"}, "time": {"repr": "2023-12-30 12:45:18.712150+08:00", "timestamp": 1703911518.71215}}}
{"text": "2023-12-30 12:45:21 | INFO    | epic_games.agent:claim_weekly_games:328 | claim_weekly_games - {'action': 'click payment button'}\n", "record": {"elapsed": {"repr": "0:01:25.215000", "seconds": 85.215}, "exception": null, "extra": {"action": "click payment button"}, "file": {"name": "agent.py", "path": "/home/runner/work/egames4/egames4/epic/src/epic_games/agent.py"}, "function": "claim_weekly_games", "level": {"icon": "‚ÑπÔ∏è", "name": "INFO", "no": 20}, "line": 328, "message": "claim_weekly_games", "module": "agent", "name": "epic_games.agent", "process": {"id": 5226, "name": "MainProcess"}, "thread": {"id": 140637642668928, "name": "MainThread"}, "time": {"repr": "2023-12-30 12:45:21.102519+08:00", "timestamp": 1703911521.102519}}}
{"text": "2023-12-30 12:45:26 | DEBUG    | hcaptcha_challenger.agents.playwright.control:_parse_label:241 | get task - {'prompt': 'Please click Œøn all —ñm–∞ges of the heav—ñest animal species'}\n", "record": {"elapsed": {"repr": "0:01:30.218216", "seconds": 90.218216}, "exception": null, "extra": {"prompt": "Please click Œøn all —ñm–∞ges of the heav—ñest animal species"}, "file": {"name": "control.py", "path": "/opt/hostedtoolcache/Python/3.10.13/x64/lib/python3.10/site-packages/hcaptcha_challenger/agents/playwright/control.py"}, "function": "_parse_label", "level": {"icon": "üêû", "name": "DEBUG", "no": 10}, "line": 241, "message": "get task", "module": "control", "name": "hcaptcha_challenger.agents.playwright.control", "process": {"id": 5226, "name": "MainProcess"}, "thread": {"id": 140637642668928, "name": "MainThread"}, "time": {"repr": "2023-12-30 12:45:26.105735+08:00", "timestamp": 1703911526.105735}}}
{"text": "2023-12-30 12:45:26 | DEBUG    | hcaptcha_challenger.agents.playwright.control:_catch_all_binary_challenge:474 | handle task - {'unsupervised': 'binary', 'candidate_labels': ['This is a picture that looks like please click on all images of the heaviest animal species.', \"This is a picture that don't look like please click on all images of the heaviest animal species.\"], 'prompt': 'Please click Œøn all —ñm–∞ges of the heav—ñest animal species', 'timit': '0.773s'}\n", "record": {"elapsed": {"repr": "0:01:31.101388", "seconds": 91.101388}, "exception": null, "extra": {"unsupervised": "binary", "candidate_labels": ["This is a picture that looks like please click on all images of the heaviest animal species.", "This is a picture that don't look like please click on all images of the heaviest animal species."], "prompt": "Please click Œøn all —ñm–∞ges of the heav—ñest animal species", "timit": "0.773s"}, "file": {"name": "control.py", "path": "/opt/hostedtoolcache/Python/3.10.13/x64/lib/python3.10/site-packages/hcaptcha_challenger/agents/playwright/control.py"}, "function": "_catch_all_binary_challenge", "level": {"icon": "üêû", "name": "DEBUG", "no": 10}, "line": 474, "message": "handle task", "module": "control", "name": "hcaptcha_challenger.agents.playwright.control", "process": {"id": 5226, "name": "MainProcess"}, "thread": {"id": 140637642668928, "name": "MainThread"}, "time": {"repr": "2023-12-30 12:45:26.988907+08:00", "timestamp": 1703911526.988907}}}
{"text": "2023-12-30 12:45:33 | DEBUG    | epic_games.agent:insert_challenge:106 | task done - {'sattus': 'success'}\n", "record": {"elapsed": {"repr": "0:01:37.981599", "seconds": 97.981599}, "exception": null, "extra": {"sattus": "success"}, "file": {"name": "agent.py", "path": "/home/runner/work/egames4/egames4/epic/src/epic_games/agent.py"}, "function": "insert_challenge", "level": {"icon": "üêû", "name": "DEBUG", "no": 10}, "line": 106, "message": "task done", "module": "agent", "name": "epic_games.agent", "process": {"id": 5226, "name": "MainProcess"}, "thread": {"id": 140637642668928, "name": "MainThread"}, "time": {"repr": "2023-12-30 12:45:33.869118+08:00", "timestamp": 1703911533.869118}}}
{"text": "2023-12-30 12:46:06 | INFO    | epic_games.agent:claim_weekly_games:294 | claim_weekly_games - {'action': 'go to store', 'url': 'https://store.epicgames.com/en-US/p/snakebird-complete-e6f0ae'}\n", "record": {"elapsed": {"repr": "0:02:10.165772", "seconds": 130.165772}, "exception": null, "extra": {"action": "go to store", "url": "https://store.epicgames.com/en-US/p/snakebird-complete-e6f0ae"}, "file": {"name": "agent.py", "path": "/home/runner/work/egames4/egames4/epic/src/epic_games/agent.py"}, "function": "claim_weekly_games", "level": {"icon": "‚ÑπÔ∏è", "name": "INFO", "no": 20}, "line": 294, "message": "claim_weekly_games", "module": "agent", "name": "epic_games.agent", "process": {"id": 5226, "name": "MainProcess"}, "thread": {"id": 140637642668928, "name": "MainThread"}, "time": {"repr": "2023-12-30 12:46:06.053291+08:00", "timestamp": 1703911566.053291}}}
{"text": "2023-12-30 12:46:14 | INFO    | epic_games.agent:claim_weekly_games:326 | claim_weekly_games - {'action': 'move to webPurchaseContainer iframe'}\n", "record": {"elapsed": {"repr": "0:02:18.665168", "seconds": 138.665168}, "exception": null, "extra": {"action": "move to webPurchaseContainer iframe"}, "file": {"name": "agent.py", "path": "/home/runner/work/egames4/egames4/epic/src/epic_games/agent.py"}, "function": "claim_weekly_games", "level": {"icon": "‚ÑπÔ∏è", "name": "INFO", "no": 20}, "line": 326, "message": "claim_weekly_games", "module": "agent", "name": "epic_games.agent", "process": {"id": 5226, "name": "MainProcess"}, "thread": {"id": 140637642668928, "name": "MainThread"}, "time": {"repr": "2023-12-30 12:46:14.552687+08:00", "timestamp": 1703911574.552687}}}
{"text": "2023-12-30 12:46:16 | INFO    | epic_games.agent:claim_weekly_games:328 | claim_weekly_games - {'action': 'click payment button'}\n", "record": {"elapsed": {"repr": "0:02:21.053451", "seconds": 141.053451}, "exception": null, "extra": {"action": "click payment button"}, "file": {"name": "agent.py", "path": "/home/runner/work/egames4/egames4/epic/src/epic_games/agent.py"}, "function": "claim_weekly_games", "level": {"icon": "‚ÑπÔ∏è", "name": "INFO", "no": 20}, "line": 328, "message": "claim_weekly_games", "module": "agent", "name": "epic_games.agent", "process": {"id": 5226, "name": "MainProcess"}, "thread": {"id": 140637642668928, "name": "MainThread"}, "time": {"repr": "2023-12-30 12:46:16.940970+08:00", "timestamp": 1703911576.94097}}}
{"text": "2023-12-30 12:46:21 | DEBUG    | hcaptcha_challenger.agents.playwright.control:_parse_label:241 | get task - {'prompt': 'Plea—ïe cl—ñck on all images of the heaviest an—ñmal species'}\n", "record": {"elapsed": {"repr": "0:02:26.055656", "seconds": 146.055656}, "exception": null, "extra": {"prompt": "Plea—ïe cl—ñck on all images of the heaviest an—ñmal species"}, "file": {"name": "control.py", "path": "/opt/hostedtoolcache/Python/3.10.13/x64/lib/python3.10/site-packages/hcaptcha_challenger/agents/playwright/control.py"}, "function": "_parse_label", "level": {"icon": "üêû", "name": "DEBUG", "no": 10}, "line": 241, "message": "get task", "module": "control", "name": "hcaptcha_challenger.agents.playwright.control", "process": {"id": 5226, "name": "MainProcess"}, "thread": {"id": 140637642668928, "name": "MainThread"}, "time": {"repr": "2023-12-30 12:46:21.943175+08:00", "timestamp": 1703911581.943175}}}
{"text": "2023-12-30 12:46:22 | DEBUG    | hcaptcha_challenger.agents.playwright.control:_catch_all_binary_challenge:474 | handle task - {'unsupervised': 'binary', 'candidate_labels': ['This is a picture that looks like please click on all images of the heaviest animal species.', \"This is a picture that don't look like please click on all images of the heaviest animal species.\"], 'prompt': 'Plea—ïe cl—ñck on all images of the heaviest an—ñmal species', 'timit': '0.672s'}\n", "record": {"elapsed": {"repr": "0:02:26.830285", "seconds": 146.830285}, "exception": null, "extra": {"unsupervised": "binary", "candidate_labels": ["This is a picture that looks like please click on all images of the heaviest animal species.", "This is a picture that don't look like please click on all images of the heaviest animal species."], "prompt": "Plea—ïe cl—ñck on all images of the heaviest an—ñmal species", "timit": "0.672s"}, "file": {"name": "control.py", "path": "/opt/hostedtoolcache/Python/3.10.13/x64/lib/python3.10/site-packages/hcaptcha_challenger/agents/playwright/control.py"}, "function": "_catch_all_binary_challenge", "level": {"icon": "üêû", "name": "DEBUG", "no": 10}, "line": 474, "message": "handle task", "module": "control", "name": "hcaptcha_challenger.agents.playwright.control", "process": {"id": 5226, "name": "MainProcess"}, "thread": {"id": 140637642668928, "name": "MainThread"}, "time": {"repr": "2023-12-30 12:46:22.717804+08:00", "timestamp": 1703911582.717804}}}
{"text": "2023-12-30 12:46:29 | DEBUG    | epic_games.agent:insert_challenge:106 | task done - {'sattus': 'success'}\n", "record": {"elapsed": {"repr": "0:02:33.244477", "seconds": 153.244477}, "exception": null, "extra": {"sattus": "success"}, "file": {"name": "agent.py", "path": "/home/runner/work/egames4/egames4/epic/src/epic_games/agent.py"}, "function": "insert_challenge", "level": {"icon": "üêû", "name": "DEBUG", "no": 10}, "line": 106, "message": "task done", "module": "agent", "name": "epic_games.agent", "process": {"id": 5226, "name": "MainProcess"}, "thread": {"id": 140637642668928, "name": "MainThread"}, "time": {"repr": "2023-12-30 12:46:29.131996+08:00", "timestamp": 1703911589.131996}}}
{"text": "2023-12-30 12:47:01 | ERROR    | __main__:run:158 | An error has been caught in function 'run', process 'MainProcess' (5226), thread 'MainThread' (140637642668928): - {}\nTraceback (most recent call last):\n  File \"/home/runner/work/egames4/egames4/epic/src/claim.py\", line 151, in stash\n    await self.claim_epic_games(context)\n  File \"/home/runner/work/egames4/egames4/epic/src/claim.py\", line 122, in claim_epic_games\n    await epic.claim_weekly_games(page, single_promotions)\n  File \"/opt/hostedtoolcache/Python/3.10.13/x64/lib/python3.10/site-packages/tenacity/_asyncio.py\", line 88, in async_wrapped\n    return await fn(*args, **kwargs)\n  File \"/opt/hostedtoolcache/Python/3.10.13/x64/lib/python3.10/site-packages/tenacity/_asyncio.py\", line 47, in __call__\n    do = self.iter(retry_state=retry_state)\n  File \"/opt/hostedtoolcache/Python/3.10.13/x64/lib/python3.10/site-packages/tenacity/__init__.py\", line 325, in iter\n    raise retry_exc.reraise()\n  File \"/opt/hostedtoolcache/Python/3.10.13/x64/lib/python3.10/site-packages/tenacity/__init__.py\", line 158, in reraise\n    raise self.last_attempt.result()\n  File \"/opt/hostedtoolcache/Python/3.10.13/x64/lib/python3.10/concurrent/futures/_base.py\", line 451, in result\n    return self.__get_result()\n  File \"/opt/hostedtoolcache/Python/3.10.13/x64/lib/python3.10/concurrent/futures/_base.py\", line 403, in __get_result\n    raise self._exception\n  File \"/opt/hostedtoolcache/Python/3.10.13/x64/lib/python3.10/site-packages/tenacity/_asyncio.py\", line 50, in __call__\n    result = await fn(*args, **kwargs)\n  File \"/home/runner/work/egames4/egames4/epic/src/epic_games/agent.py\", line 338, in claim_weekly_games\n    await page.wait_for_url(recur_url)\n  File \"/opt/hostedtoolcache/Python/3.10.13/x64/lib/python3.10/site-packages/playwright/async_api/_generated.py\", line 9417, in wait_for_url\n    await self._impl_obj.wait_for_url(\n  File \"/opt/hostedtoolcache/Python/3.10.13/x64/lib/python3.10/site-packages/playwright/_impl/_page.py\", line 499, in wait_for_url\n    return await self._main_frame.wait_for_url(**locals_to_params(locals()))\n  File \"/opt/hostedtoolcache/Python/3.10.13/x64/lib/python3.10/site-packages/playwright/_impl/_frame.py\", line 227, in wait_for_url\n    async with self.expect_navigation(\n  File \"/opt/hostedtoolcache/Python/3.10.13/x64/lib/python3.10/site-packages/playwright/_impl/_event_context_manager.py\", line 33, in __aexit__\n    await self._future\n  File \"/opt/hostedtoolcache/Python/3.10.13/x64/lib/python3.10/site-packages/playwright/_impl/_frame.py\", line 202, in continuation\n    event = await waiter.result()\nplaywright._impl._errors.TimeoutError: Timeout 30000ms exceeded.\n=========================== logs ===========================\nwaiting for navigation to \"https://store.epicgames.com/en-US/cart/success\" until 'load'\n============================================================\n\nDuring handling of the above exception, another exception occurred:\n\nTraceback (most recent call last):\n  File \"/home/runner/work/egames4/egames4/epic/src/claim.py\", line 162, in <module>\n    asyncio.run(run())\n  File \"/opt/hostedtoolcache/Python/3.10.13/x64/lib/python3.10/asyncio/runners.py\", line 44, in run\n    return loop.run_until_complete(main)\n  File \"/opt/hostedtoolcache/Python/3.10.13/x64/lib/python3.10/asyncio/base_events.py\", line 636, in run_until_complete\n    self.run_forever()\n  File \"/opt/hostedtoolcache/Python/3.10.13/x64/lib/python3.10/asyncio/base_events.py\", line 603, in run_forever\n    self._run_once()\n  File \"/opt/hostedtoolcache/Python/3.10.13/x64/lib/python3.10/asyncio/base_events.py\", line 1909, in _run_once\n    handle._run()\n  File \"/opt/hostedtoolcache/Python/3.10.13/x64/lib/python3.10/asyncio/events.py\", line 80, in _run\n    self._context.run(self._callback, *self._args)\n> File \"/home/runner/work/egames4/egames4/epic/src/claim.py\", line 158, in run\n    await agent.stash()\n  File \"/home/runner/work/egames4/egames4/epic/src/claim.py\", line 139, in stash\n    async with async_playwright() as p:\n  File \"/opt/hostedtoolcache/Python/3.10.13/x64/lib/python3.10/site-packages/playwright/async_api/_context_manager.py\", line 58, in __aexit__\n    await self._connection.stop_async()\n  File \"/opt/hostedtoolcache/Python/3.10.13/x64/lib/python3.10/site-packages/playwright/_impl/_connection.py\", line 288, in stop_async\n    self.cleanup()\n  File \"/opt/hostedtoolcache/Python/3.10.13/x64/lib/python3.10/site-packages/playwright/_impl/_connection.py\", line 299, in cleanup\n    callback.future.set_exception(self._closed_error)\nasyncio.exceptions.InvalidStateError: invalid state\n", "record": {"elapsed": {"repr": "0:03:05.174561", "seconds": 185.174561}, "exception": {"type": "InvalidStateError", "value": "invalid state", "traceback": true}, "extra": {}, "file": {"name": "claim.py", "path": "/home/runner/work/egames4/egames4/epic/src/claim.py"}, "function": "run", "level": {"icon": "‚ùå", "name": "ERROR", "no": 40}, "line": 158, "message": "An error has been caught in function 'run', process 'MainProcess' (5226), thread 'MainThread' (140637642668928):", "module": "claim", "name": "__main__", "process": {"id": 5226, "name": "MainProcess"}, "thread": {"id": 140637642668928, "name": "MainThread"}, "time": {"repr": "2023-12-30 12:47:01.062080+08:00", "timestamp": 1703911621.06208}}}
