{"text": "2023-12-31 12:43:50 | INFO    | __main__:stash:131 | run - {'image': '20231121', 'version': '0.10.1.post2', 'role': 'EpicPlayer', 'headless': True}\n", "record": {"elapsed": {"repr": "0:00:02.016176", "seconds": 2.016176}, "exception": null, "extra": {"image": "20231121", "version": "0.10.1.post2", "role": "EpicPlayer", "headless": true}, "file": {"name": "claim.py", "path": "/home/runner/work/egames4/egames4/epic/src/claim.py"}, "function": "stash", "level": {"icon": "‚ÑπÔ∏è", "name": "INFO", "no": 20}, "line": 131, "message": "run", "module": "claim", "name": "__main__", "process": {"id": 5354, "name": "MainProcess"}, "thread": {"id": 139641495686016, "name": "MainThread"}, "time": {"repr": "2023-12-31 12:43:50.827849+08:00", "timestamp": 1703997830.827849}}}
{"text": "2023-12-31 12:43:56 | DEBUG    | __main__:create_tasks:66 | Put task - {'title': 'Saints Row', 'url': 'https://store.epicgames.com/en-US/p/saints-row'}\n", "record": {"elapsed": {"repr": "0:00:08.022897", "seconds": 8.022897}, "exception": null, "extra": {"title": "Saints Row", "url": "https://store.epicgames.com/en-US/p/saints-row"}, "file": {"name": "claim.py", "path": "/home/runner/work/egames4/egames4/epic/src/claim.py"}, "function": "create_tasks", "level": {"icon": "üêû", "name": "DEBUG", "no": 10}, "line": 66, "message": "Put task", "module": "claim", "name": "__main__", "process": {"id": 5354, "name": "MainProcess"}, "thread": {"id": 139641495686016, "name": "MainThread"}, "time": {"repr": "2023-12-31 12:43:56.834570+08:00", "timestamp": 1703997836.83457}}}
{"text": "2023-12-31 12:44:02 | INFO    | epic_games.agent:claim_weekly_games:294 | claim_weekly_games - {'action': 'go to store', 'url': 'https://store.epicgames.com/en-US/p/saints-row'}\n", "record": {"elapsed": {"repr": "0:00:13.795366", "seconds": 13.795366}, "exception": null, "extra": {"action": "go to store", "url": "https://store.epicgames.com/en-US/p/saints-row"}, "file": {"name": "agent.py", "path": "/home/runner/work/egames4/egames4/epic/src/epic_games/agent.py"}, "function": "claim_weekly_games", "level": {"icon": "‚ÑπÔ∏è", "name": "INFO", "no": 20}, "line": 294, "message": "claim_weekly_games", "module": "agent", "name": "epic_games.agent", "process": {"id": 5354, "name": "MainProcess"}, "thread": {"id": 139641495686016, "name": "MainThread"}, "time": {"repr": "2023-12-31 12:44:02.607039+08:00", "timestamp": 1703997842.607039}}}
{"text": "2023-12-31 12:44:13 | INFO    | epic_games.agent:claim_weekly_games:326 | claim_weekly_games - {'action': 'move to webPurchaseContainer iframe'}\n", "record": {"elapsed": {"repr": "0:00:24.878214", "seconds": 24.878214}, "exception": null, "extra": {"action": "move to webPurchaseContainer iframe"}, "file": {"name": "agent.py", "path": "/home/runner/work/egames4/egames4/epic/src/epic_games/agent.py"}, "function": "claim_weekly_games", "level": {"icon": "‚ÑπÔ∏è", "name": "INFO", "no": 20}, "line": 326, "message": "claim_weekly_games", "module": "agent", "name": "epic_games.agent", "process": {"id": 5354, "name": "MainProcess"}, "thread": {"id": 139641495686016, "name": "MainThread"}, "time": {"repr": "2023-12-31 12:44:13.689887+08:00", "timestamp": 1703997853.689887}}}
{"text": "2023-12-31 12:44:16 | INFO    | epic_games.agent:claim_weekly_games:328 | claim_weekly_games - {'action': 'click payment button'}\n", "record": {"elapsed": {"repr": "0:00:27.274820", "seconds": 27.27482}, "exception": null, "extra": {"action": "click payment button"}, "file": {"name": "agent.py", "path": "/home/runner/work/egames4/egames4/epic/src/epic_games/agent.py"}, "function": "claim_weekly_games", "level": {"icon": "‚ÑπÔ∏è", "name": "INFO", "no": 20}, "line": 328, "message": "claim_weekly_games", "module": "agent", "name": "epic_games.agent", "process": {"id": 5354, "name": "MainProcess"}, "thread": {"id": 139641495686016, "name": "MainThread"}, "time": {"repr": "2023-12-31 12:44:16.086493+08:00", "timestamp": 1703997856.086493}}}
{"text": "2023-12-31 12:44:21 | DEBUG    | hcaptcha_challenger.agents.playwright.control:_parse_label:241 | get task - {'prompt': \"Œ°lease click on the r–∞bbit's eye\"}\n", "record": {"elapsed": {"repr": "0:00:32.276748", "seconds": 32.276748}, "exception": null, "extra": {"prompt": "Œ°lease click on the r–∞bbit's eye"}, "file": {"name": "control.py", "path": "/opt/hostedtoolcache/Python/3.10.13/x64/lib/python3.10/site-packages/hcaptcha_challenger/agents/playwright/control.py"}, "function": "_parse_label", "level": {"icon": "üêû", "name": "DEBUG", "no": 10}, "line": 241, "message": "get task", "module": "control", "name": "hcaptcha_challenger.agents.playwright.control", "process": {"id": 5354, "name": "MainProcess"}, "thread": {"id": 139641495686016, "name": "MainThread"}, "time": {"repr": "2023-12-31 12:44:21.088421+08:00", "timestamp": 1703997861.088421}}}
{"text": "2023-12-31 12:44:26 | DEBUG    | epic_games.agent:insert_challenge:106 | task done - {'sattus': 'success'}\n", "record": {"elapsed": {"repr": "0:00:37.287339", "seconds": 37.287339}, "exception": null, "extra": {"sattus": "success"}, "file": {"name": "agent.py", "path": "/home/runner/work/egames4/egames4/epic/src/epic_games/agent.py"}, "function": "insert_challenge", "level": {"icon": "üêû", "name": "DEBUG", "no": 10}, "line": 106, "message": "task done", "module": "agent", "name": "epic_games.agent", "process": {"id": 5354, "name": "MainProcess"}, "thread": {"id": 139641495686016, "name": "MainThread"}, "time": {"repr": "2023-12-31 12:44:26.099012+08:00", "timestamp": 1703997866.099012}}}
{"text": "2023-12-31 12:44:58 | INFO    | epic_games.agent:claim_weekly_games:294 | claim_weekly_games - {'action': 'go to store', 'url': 'https://store.epicgames.com/en-US/p/saints-row'}\n", "record": {"elapsed": {"repr": "0:01:09.458517", "seconds": 69.458517}, "exception": null, "extra": {"action": "go to store", "url": "https://store.epicgames.com/en-US/p/saints-row"}, "file": {"name": "agent.py", "path": "/home/runner/work/egames4/egames4/epic/src/epic_games/agent.py"}, "function": "claim_weekly_games", "level": {"icon": "‚ÑπÔ∏è", "name": "INFO", "no": 20}, "line": 294, "message": "claim_weekly_games", "module": "agent", "name": "epic_games.agent", "process": {"id": 5354, "name": "MainProcess"}, "thread": {"id": 139641495686016, "name": "MainThread"}, "time": {"repr": "2023-12-31 12:44:58.270190+08:00", "timestamp": 1703997898.27019}}}
{"text": "2023-12-31 12:45:07 | INFO    | epic_games.agent:claim_weekly_games:326 | claim_weekly_games - {'action': 'move to webPurchaseContainer iframe'}\n", "record": {"elapsed": {"repr": "0:01:18.552925", "seconds": 78.552925}, "exception": null, "extra": {"action": "move to webPurchaseContainer iframe"}, "file": {"name": "agent.py", "path": "/home/runner/work/egames4/egames4/epic/src/epic_games/agent.py"}, "function": "claim_weekly_games", "level": {"icon": "‚ÑπÔ∏è", "name": "INFO", "no": 20}, "line": 326, "message": "claim_weekly_games", "module": "agent", "name": "epic_games.agent", "process": {"id": 5354, "name": "MainProcess"}, "thread": {"id": 139641495686016, "name": "MainThread"}, "time": {"repr": "2023-12-31 12:45:07.364598+08:00", "timestamp": 1703997907.364598}}}
{"text": "2023-12-31 12:45:09 | INFO    | epic_games.agent:claim_weekly_games:328 | claim_weekly_games - {'action': 'click payment button'}\n", "record": {"elapsed": {"repr": "0:01:20.942608", "seconds": 80.942608}, "exception": null, "extra": {"action": "click payment button"}, "file": {"name": "agent.py", "path": "/home/runner/work/egames4/egames4/epic/src/epic_games/agent.py"}, "function": "claim_weekly_games", "level": {"icon": "‚ÑπÔ∏è", "name": "INFO", "no": 20}, "line": 328, "message": "claim_weekly_games", "module": "agent", "name": "epic_games.agent", "process": {"id": 5354, "name": "MainProcess"}, "thread": {"id": 139641495686016, "name": "MainThread"}, "time": {"repr": "2023-12-31 12:45:09.754281+08:00", "timestamp": 1703997909.754281}}}
{"text": "2023-12-31 12:45:14 | DEBUG    | hcaptcha_challenger.agents.playwright.control:_parse_label:241 | get task - {'prompt': 'Please click at the treasure spot'}\n", "record": {"elapsed": {"repr": "0:01:25.944227", "seconds": 85.944227}, "exception": null, "extra": {"prompt": "Please click at the treasure spot"}, "file": {"name": "control.py", "path": "/opt/hostedtoolcache/Python/3.10.13/x64/lib/python3.10/site-packages/hcaptcha_challenger/agents/playwright/control.py"}, "function": "_parse_label", "level": {"icon": "üêû", "name": "DEBUG", "no": 10}, "line": 241, "message": "get task", "module": "control", "name": "hcaptcha_challenger.agents.playwright.control", "process": {"id": 5354, "name": "MainProcess"}, "thread": {"id": 139641495686016, "name": "MainThread"}, "time": {"repr": "2023-12-31 12:45:14.755900+08:00", "timestamp": 1703997914.7559}}}
{"text": "2023-12-31 12:45:18 | DEBUG    | hcaptcha_challenger.agents.playwright.control:lookup_objects:317 | handle task - {'catch_model': 'treasurechest2309_yolov8n.onnx', 'ash': 'please click at the treasure spot default'}\n", "record": {"elapsed": {"repr": "0:01:30.183733", "seconds": 90.183733}, "exception": null, "extra": {"catch_model": "treasurechest2309_yolov8n.onnx", "ash": "please click at the treasure spot default"}, "file": {"name": "control.py", "path": "/opt/hostedtoolcache/Python/3.10.13/x64/lib/python3.10/site-packages/hcaptcha_challenger/agents/playwright/control.py"}, "function": "lookup_objects", "level": {"icon": "üêû", "name": "DEBUG", "no": 10}, "line": 317, "message": "handle task", "module": "control", "name": "hcaptcha_challenger.agents.playwright.control", "process": {"id": 5354, "name": "MainProcess"}, "thread": {"id": 139641495686016, "name": "MainThread"}, "time": {"repr": "2023-12-31 12:45:18.995406+08:00", "timestamp": 1703997918.995406}}}
{"text": "2023-12-31 12:45:20 | DEBUG    | epic_games.agent:insert_challenge:106 | task done - {'sattus': 'success'}\n", "record": {"elapsed": {"repr": "0:01:31.891572", "seconds": 91.891572}, "exception": null, "extra": {"sattus": "success"}, "file": {"name": "agent.py", "path": "/home/runner/work/egames4/egames4/epic/src/epic_games/agent.py"}, "function": "insert_challenge", "level": {"icon": "üêû", "name": "DEBUG", "no": 10}, "line": 106, "message": "task done", "module": "agent", "name": "epic_games.agent", "process": {"id": 5354, "name": "MainProcess"}, "thread": {"id": 139641495686016, "name": "MainThread"}, "time": {"repr": "2023-12-31 12:45:20.703245+08:00", "timestamp": 1703997920.703245}}}
{"text": "2023-12-31 12:45:52 | INFO    | epic_games.agent:claim_weekly_games:294 | claim_weekly_games - {'action': 'go to store', 'url': 'https://store.epicgames.com/en-US/p/saints-row'}\n", "record": {"elapsed": {"repr": "0:02:04.050692", "seconds": 124.050692}, "exception": null, "extra": {"action": "go to store", "url": "https://store.epicgames.com/en-US/p/saints-row"}, "file": {"name": "agent.py", "path": "/home/runner/work/egames4/egames4/epic/src/epic_games/agent.py"}, "function": "claim_weekly_games", "level": {"icon": "‚ÑπÔ∏è", "name": "INFO", "no": 20}, "line": 294, "message": "claim_weekly_games", "module": "agent", "name": "epic_games.agent", "process": {"id": 5354, "name": "MainProcess"}, "thread": {"id": 139641495686016, "name": "MainThread"}, "time": {"repr": "2023-12-31 12:45:52.862365+08:00", "timestamp": 1703997952.862365}}}
{"text": "2023-12-31 12:46:01 | INFO    | epic_games.agent:claim_weekly_games:326 | claim_weekly_games - {'action': 'move to webPurchaseContainer iframe'}\n", "record": {"elapsed": {"repr": "0:02:13.111843", "seconds": 133.111843}, "exception": null, "extra": {"action": "move to webPurchaseContainer iframe"}, "file": {"name": "agent.py", "path": "/home/runner/work/egames4/egames4/epic/src/epic_games/agent.py"}, "function": "claim_weekly_games", "level": {"icon": "‚ÑπÔ∏è", "name": "INFO", "no": 20}, "line": 326, "message": "claim_weekly_games", "module": "agent", "name": "epic_games.agent", "process": {"id": 5354, "name": "MainProcess"}, "thread": {"id": 139641495686016, "name": "MainThread"}, "time": {"repr": "2023-12-31 12:46:01.923516+08:00", "timestamp": 1703997961.923516}}}
{"text": "2023-12-31 12:46:04 | INFO    | epic_games.agent:claim_weekly_games:328 | claim_weekly_games - {'action': 'click payment button'}\n", "record": {"elapsed": {"repr": "0:02:15.519967", "seconds": 135.519967}, "exception": null, "extra": {"action": "click payment button"}, "file": {"name": "agent.py", "path": "/home/runner/work/egames4/egames4/epic/src/epic_games/agent.py"}, "function": "claim_weekly_games", "level": {"icon": "‚ÑπÔ∏è", "name": "INFO", "no": 20}, "line": 328, "message": "claim_weekly_games", "module": "agent", "name": "epic_games.agent", "process": {"id": 5354, "name": "MainProcess"}, "thread": {"id": 139641495686016, "name": "MainThread"}, "time": {"repr": "2023-12-31 12:46:04.331640+08:00", "timestamp": 1703997964.33164}}}
{"text": "2023-12-31 12:46:09 | DEBUG    | hcaptcha_challenger.agents.playwright.control:_parse_label:241 | get task - {'prompt': \"Please click on the rabbit's eye\"}\n", "record": {"elapsed": {"repr": "0:02:20.522877", "seconds": 140.522877}, "exception": null, "extra": {"prompt": "Please click on the rabbit's eye"}, "file": {"name": "control.py", "path": "/opt/hostedtoolcache/Python/3.10.13/x64/lib/python3.10/site-packages/hcaptcha_challenger/agents/playwright/control.py"}, "function": "_parse_label", "level": {"icon": "üêû", "name": "DEBUG", "no": 10}, "line": 241, "message": "get task", "module": "control", "name": "hcaptcha_challenger.agents.playwright.control", "process": {"id": 5354, "name": "MainProcess"}, "thread": {"id": 139641495686016, "name": "MainThread"}, "time": {"repr": "2023-12-31 12:46:09.334550+08:00", "timestamp": 1703997969.33455}}}
{"text": "2023-12-31 12:46:14 | DEBUG    | epic_games.agent:insert_challenge:106 | task done - {'sattus': 'success'}\n", "record": {"elapsed": {"repr": "0:02:25.987319", "seconds": 145.987319}, "exception": null, "extra": {"sattus": "success"}, "file": {"name": "agent.py", "path": "/home/runner/work/egames4/egames4/epic/src/epic_games/agent.py"}, "function": "insert_challenge", "level": {"icon": "üêû", "name": "DEBUG", "no": 10}, "line": 106, "message": "task done", "module": "agent", "name": "epic_games.agent", "process": {"id": 5354, "name": "MainProcess"}, "thread": {"id": 139641495686016, "name": "MainThread"}, "time": {"repr": "2023-12-31 12:46:14.798992+08:00", "timestamp": 1703997974.798992}}}
{"text": "2023-12-31 12:46:46 | ERROR    | __main__:run:158 | An error has been caught in function 'run', process 'MainProcess' (5354), thread 'MainThread' (139641495686016): - {}\nTraceback (most recent call last):\n  File \"/home/runner/work/egames4/egames4/epic/src/claim.py\", line 151, in stash\n    await self.claim_epic_games(context)\n  File \"/home/runner/work/egames4/egames4/epic/src/claim.py\", line 122, in claim_epic_games\n    await epic.claim_weekly_games(page, single_promotions)\n  File \"/opt/hostedtoolcache/Python/3.10.13/x64/lib/python3.10/site-packages/tenacity/_asyncio.py\", line 88, in async_wrapped\n    return await fn(*args, **kwargs)\n  File \"/opt/hostedtoolcache/Python/3.10.13/x64/lib/python3.10/site-packages/tenacity/_asyncio.py\", line 47, in __call__\n    do = self.iter(retry_state=retry_state)\n  File \"/opt/hostedtoolcache/Python/3.10.13/x64/lib/python3.10/site-packages/tenacity/__init__.py\", line 325, in iter\n    raise retry_exc.reraise()\n  File \"/opt/hostedtoolcache/Python/3.10.13/x64/lib/python3.10/site-packages/tenacity/__init__.py\", line 158, in reraise\n    raise self.last_attempt.result()\n  File \"/opt/hostedtoolcache/Python/3.10.13/x64/lib/python3.10/concurrent/futures/_base.py\", line 451, in result\n    return self.__get_result()\n  File \"/opt/hostedtoolcache/Python/3.10.13/x64/lib/python3.10/concurrent/futures/_base.py\", line 403, in __get_result\n    raise self._exception\n  File \"/opt/hostedtoolcache/Python/3.10.13/x64/lib/python3.10/site-packages/tenacity/_asyncio.py\", line 50, in __call__\n    result = await fn(*args, **kwargs)\n  File \"/home/runner/work/egames4/egames4/epic/src/epic_games/agent.py\", line 338, in claim_weekly_games\n    await page.wait_for_url(recur_url)\n  File \"/opt/hostedtoolcache/Python/3.10.13/x64/lib/python3.10/site-packages/playwright/async_api/_generated.py\", line 9417, in wait_for_url\n    await self._impl_obj.wait_for_url(\n  File \"/opt/hostedtoolcache/Python/3.10.13/x64/lib/python3.10/site-packages/playwright/_impl/_page.py\", line 499, in wait_for_url\n    return await self._main_frame.wait_for_url(**locals_to_params(locals()))\n  File \"/opt/hostedtoolcache/Python/3.10.13/x64/lib/python3.10/site-packages/playwright/_impl/_frame.py\", line 227, in wait_for_url\n    async with self.expect_navigation(\n  File \"/opt/hostedtoolcache/Python/3.10.13/x64/lib/python3.10/site-packages/playwright/_impl/_event_context_manager.py\", line 33, in __aexit__\n    await self._future\n  File \"/opt/hostedtoolcache/Python/3.10.13/x64/lib/python3.10/site-packages/playwright/_impl/_frame.py\", line 202, in continuation\n    event = await waiter.result()\nplaywright._impl._errors.TimeoutError: Timeout 30000ms exceeded.\n=========================== logs ===========================\nwaiting for navigation to \"https://store.epicgames.com/en-US/cart/success\" until 'load'\n============================================================\n\nDuring handling of the above exception, another exception occurred:\n\nTraceback (most recent call last):\n  File \"/home/runner/work/egames4/egames4/epic/src/claim.py\", line 162, in <module>\n    asyncio.run(run())\n  File \"/opt/hostedtoolcache/Python/3.10.13/x64/lib/python3.10/asyncio/runners.py\", line 44, in run\n    return loop.run_until_complete(main)\n  File \"/opt/hostedtoolcache/Python/3.10.13/x64/lib/python3.10/asyncio/base_events.py\", line 636, in run_until_complete\n    self.run_forever()\n  File \"/opt/hostedtoolcache/Python/3.10.13/x64/lib/python3.10/asyncio/base_events.py\", line 603, in run_forever\n    self._run_once()\n  File \"/opt/hostedtoolcache/Python/3.10.13/x64/lib/python3.10/asyncio/base_events.py\", line 1909, in _run_once\n    handle._run()\n  File \"/opt/hostedtoolcache/Python/3.10.13/x64/lib/python3.10/asyncio/events.py\", line 80, in _run\n    self._context.run(self._callback, *self._args)\n> File \"/home/runner/work/egames4/egames4/epic/src/claim.py\", line 158, in run\n    await agent.stash()\n  File \"/home/runner/work/egames4/egames4/epic/src/claim.py\", line 139, in stash\n    async with async_playwright() as p:\n  File \"/opt/hostedtoolcache/Python/3.10.13/x64/lib/python3.10/site-packages/playwright/async_api/_context_manager.py\", line 58, in __aexit__\n    await self._connection.stop_async()\n  File \"/opt/hostedtoolcache/Python/3.10.13/x64/lib/python3.10/site-packages/playwright/_impl/_connection.py\", line 288, in stop_async\n    self.cleanup()\n  File \"/opt/hostedtoolcache/Python/3.10.13/x64/lib/python3.10/site-packages/playwright/_impl/_connection.py\", line 299, in cleanup\n    callback.future.set_exception(self._closed_error)\nasyncio.exceptions.InvalidStateError: invalid state\n", "record": {"elapsed": {"repr": "0:02:57.815626", "seconds": 177.815626}, "exception": {"type": "InvalidStateError", "value": "invalid state", "traceback": true}, "extra": {}, "file": {"name": "claim.py", "path": "/home/runner/work/egames4/egames4/epic/src/claim.py"}, "function": "run", "level": {"icon": "‚ùå", "name": "ERROR", "no": 40}, "line": 158, "message": "An error has been caught in function 'run', process 'MainProcess' (5354), thread 'MainThread' (139641495686016):", "module": "claim", "name": "__main__", "process": {"id": 5354, "name": "MainProcess"}, "thread": {"id": 139641495686016, "name": "MainThread"}, "time": {"repr": "2023-12-31 12:46:46.627299+08:00", "timestamp": 1703998006.627299}}}
